2024-10-22 13:26:07,041 DEBUG    root            Loaded Command Group: ['gcloud', 'components']
2024-10-22 13:26:07,044 DEBUG    root            Loaded Command Group: ['gcloud', 'components', 'update']
2024-10-22 13:26:07,047 DEBUG    root            Running [gcloud.components.update] with arguments: [--compile-python: "True", --quiet: "True", COMPONENT-IDS:6: "['core', 'gcloud-deps', 'bq', 'gcloud', 'gcloud-crc32c', 'gsutil']"]
2024-10-22 13:26:07,048 INFO     ___FILE_ONLY___ Beginning update. This process may take several minutes.

2024-10-22 13:26:07,079 DEBUG    urllib3.connectionpool Starting new HTTPS connection (1): dl.google.com:443
2024-10-22 13:26:07,216 DEBUG    urllib3.connectionpool https://dl.google.com:443 "GET /dl/cloudsdk/channels/rapid/components-2.json HTTP/1.1" 200 226997
2024-10-22 13:26:07,232 INFO     ___FILE_ONLY___ 

2024-10-22 13:26:07,232 INFO     ___FILE_ONLY___ 
Your current Google Cloud CLI version is: 497.0.0

2024-10-22 13:26:07,232 INFO     ___FILE_ONLY___ Installing components from version: 497.0.0

2024-10-22 13:26:07,233 INFO     ___FILE_ONLY___ 

2024-10-22 13:26:07,233 DEBUG    root            Chosen display Format:table[box,title="These components will be removed."](details.display_name:label=Name:align=left,version.version_string:label=Version:align=right,data.size.size(zero="",min=1048576):label=Size:align=right)
2024-10-22 13:26:07,233 DEBUG    root            Chosen display Format:table[box,title="These components will be updated."](details.display_name:label=Name:align=left,version.version_string:label=Version:align=right,data.size.size(zero="",min=1048576):label=Size:align=right)
2024-10-22 13:26:07,234 DEBUG    root            Chosen display Format:table[box,title="These components will be installed."](details.display_name:label=Name:align=left,version.version_string:label=Version:align=right,data.size.size(zero="",min=1048576):label=Size:align=right)
2024-10-22 13:26:07,276 INFO     ___FILE_ONLY___ ┌─────────────────────────────────────────────────────────────────────────────┐
2024-10-22 13:26:07,277 INFO     ___FILE_ONLY___ 

2024-10-22 13:26:07,277 INFO     ___FILE_ONLY___ │                     These components will be installed.                     │
2024-10-22 13:26:07,277 INFO     ___FILE_ONLY___ 

2024-10-22 13:26:07,277 INFO     ___FILE_ONLY___ ├─────────────────────────────────────────────────────┬────────────┬──────────┤
2024-10-22 13:26:07,277 INFO     ___FILE_ONLY___ 

2024-10-22 13:26:07,277 INFO     ___FILE_ONLY___ │                         Name                        │  Version   │   Size   │
2024-10-22 13:26:07,277 INFO     ___FILE_ONLY___ 

2024-10-22 13:26:07,277 INFO     ___FILE_ONLY___ ├─────────────────────────────────────────────────────┼────────────┼──────────┤
2024-10-22 13:26:07,277 INFO     ___FILE_ONLY___ 

2024-10-22 13:26:07,277 INFO     ___FILE_ONLY___ │ 
2024-10-22 13:26:07,277 INFO     ___FILE_ONLY___ BigQuery Command Line Tool                         
2024-10-22 13:26:07,277 INFO     ___FILE_ONLY___  
2024-10-22 13:26:07,277 INFO     ___FILE_ONLY___ │ 
2024-10-22 13:26:07,277 INFO     ___FILE_ONLY___      2.1.9
2024-10-22 13:26:07,278 INFO     ___FILE_ONLY___  
2024-10-22 13:26:07,278 INFO     ___FILE_ONLY___ │ 
2024-10-22 13:26:07,278 INFO     ___FILE_ONLY___  1.7 MiB
2024-10-22 13:26:07,278 INFO     ___FILE_ONLY___  
2024-10-22 13:26:07,278 INFO     ___FILE_ONLY___ │
2024-10-22 13:26:07,278 INFO     ___FILE_ONLY___ 

2024-10-22 13:26:07,278 INFO     ___FILE_ONLY___ │ 
2024-10-22 13:26:07,278 INFO     ___FILE_ONLY___ BigQuery Command Line Tool (Platform Specific)     
2024-10-22 13:26:07,278 INFO     ___FILE_ONLY___  
2024-10-22 13:26:07,278 INFO     ___FILE_ONLY___ │ 
2024-10-22 13:26:07,278 INFO     ___FILE_ONLY___      2.1.8
2024-10-22 13:26:07,278 INFO     ___FILE_ONLY___  
2024-10-22 13:26:07,278 INFO     ___FILE_ONLY___ │ 
2024-10-22 13:26:07,278 INFO     ___FILE_ONLY___  < 1 MiB
2024-10-22 13:26:07,278 INFO     ___FILE_ONLY___  
2024-10-22 13:26:07,278 INFO     ___FILE_ONLY___ │
2024-10-22 13:26:07,279 INFO     ___FILE_ONLY___ 

2024-10-22 13:26:07,279 INFO     ___FILE_ONLY___ │ 
2024-10-22 13:26:07,279 INFO     ___FILE_ONLY___ Bundled Python 3.11 (Platform Specific)            
2024-10-22 13:26:07,279 INFO     ___FILE_ONLY___  
2024-10-22 13:26:07,279 INFO     ___FILE_ONLY___ │ 
2024-10-22 13:26:07,279 INFO     ___FILE_ONLY___     3.11.9
2024-10-22 13:26:07,279 INFO     ___FILE_ONLY___  
2024-10-22 13:26:07,279 INFO     ___FILE_ONLY___ │ 
2024-10-22 13:26:07,279 INFO     ___FILE_ONLY___ 74.4 MiB
2024-10-22 13:26:07,279 INFO     ___FILE_ONLY___  
2024-10-22 13:26:07,279 INFO     ___FILE_ONLY___ │
2024-10-22 13:26:07,279 INFO     ___FILE_ONLY___ 

2024-10-22 13:26:07,279 INFO     ___FILE_ONLY___ │ 
2024-10-22 13:26:07,279 INFO     ___FILE_ONLY___ Cloud Storage Command Line Tool                    
2024-10-22 13:26:07,279 INFO     ___FILE_ONLY___  
2024-10-22 13:26:07,279 INFO     ___FILE_ONLY___ │ 
2024-10-22 13:26:07,280 INFO     ___FILE_ONLY___       5.31
2024-10-22 13:26:07,280 INFO     ___FILE_ONLY___  
2024-10-22 13:26:07,280 INFO     ___FILE_ONLY___ │ 
2024-10-22 13:26:07,280 INFO     ___FILE_ONLY___ 11.3 MiB
2024-10-22 13:26:07,280 INFO     ___FILE_ONLY___  
2024-10-22 13:26:07,280 INFO     ___FILE_ONLY___ │
2024-10-22 13:26:07,280 INFO     ___FILE_ONLY___ 

2024-10-22 13:26:07,280 INFO     ___FILE_ONLY___ │ 
2024-10-22 13:26:07,280 INFO     ___FILE_ONLY___ Cloud Storage Command Line Tool (Platform Specific)
2024-10-22 13:26:07,280 INFO     ___FILE_ONLY___  
2024-10-22 13:26:07,280 INFO     ___FILE_ONLY___ │ 
2024-10-22 13:26:07,280 INFO     ___FILE_ONLY___       5.30
2024-10-22 13:26:07,280 INFO     ___FILE_ONLY___  
2024-10-22 13:26:07,280 INFO     ___FILE_ONLY___ │ 
2024-10-22 13:26:07,280 INFO     ___FILE_ONLY___  < 1 MiB
2024-10-22 13:26:07,280 INFO     ___FILE_ONLY___  
2024-10-22 13:26:07,281 INFO     ___FILE_ONLY___ │
2024-10-22 13:26:07,281 INFO     ___FILE_ONLY___ 

2024-10-22 13:26:07,281 INFO     ___FILE_ONLY___ │ 
2024-10-22 13:26:07,281 INFO     ___FILE_ONLY___ Google Cloud CLI Core Libraries (Platform Specific)
2024-10-22 13:26:07,281 INFO     ___FILE_ONLY___  
2024-10-22 13:26:07,281 INFO     ___FILE_ONLY___ │ 
2024-10-22 13:26:07,281 INFO     ___FILE_ONLY___ 2024.08.30
2024-10-22 13:26:07,281 INFO     ___FILE_ONLY___  
2024-10-22 13:26:07,281 INFO     ___FILE_ONLY___ │ 
2024-10-22 13:26:07,281 INFO     ___FILE_ONLY___  < 1 MiB
2024-10-22 13:26:07,281 INFO     ___FILE_ONLY___  
2024-10-22 13:26:07,281 INFO     ___FILE_ONLY___ │
2024-10-22 13:26:07,281 INFO     ___FILE_ONLY___ 

2024-10-22 13:26:07,281 INFO     ___FILE_ONLY___ │ 
2024-10-22 13:26:07,281 INFO     ___FILE_ONLY___ Google Cloud CRC32C Hash Tool (Platform Specific)  
2024-10-22 13:26:07,281 INFO     ___FILE_ONLY___  
2024-10-22 13:26:07,281 INFO     ___FILE_ONLY___ │ 
2024-10-22 13:26:07,282 INFO     ___FILE_ONLY___      1.0.0
2024-10-22 13:26:07,282 INFO     ___FILE_ONLY___  
2024-10-22 13:26:07,282 INFO     ___FILE_ONLY___ │ 
2024-10-22 13:26:07,282 INFO     ___FILE_ONLY___  1.3 MiB
2024-10-22 13:26:07,282 INFO     ___FILE_ONLY___  
2024-10-22 13:26:07,282 INFO     ___FILE_ONLY___ │
2024-10-22 13:26:07,282 INFO     ___FILE_ONLY___ 

2024-10-22 13:26:07,282 INFO     ___FILE_ONLY___ │ 
2024-10-22 13:26:07,282 INFO     ___FILE_ONLY___ gcloud cli dependencies (Platform Specific)        
2024-10-22 13:26:07,282 INFO     ___FILE_ONLY___  
2024-10-22 13:26:07,282 INFO     ___FILE_ONLY___ │ 
2024-10-22 13:26:07,282 INFO     ___FILE_ONLY___ 2021.04.16
2024-10-22 13:26:07,282 INFO     ___FILE_ONLY___  
2024-10-22 13:26:07,282 INFO     ___FILE_ONLY___ │ 
2024-10-22 13:26:07,282 INFO     ___FILE_ONLY___  < 1 MiB
2024-10-22 13:26:07,282 INFO     ___FILE_ONLY___  
2024-10-22 13:26:07,283 INFO     ___FILE_ONLY___ │
2024-10-22 13:26:07,283 INFO     ___FILE_ONLY___ 

2024-10-22 13:26:07,283 INFO     ___FILE_ONLY___ └─────────────────────────────────────────────────────┴────────────┴──────────┘
2024-10-22 13:26:07,283 INFO     ___FILE_ONLY___ 

2024-10-22 13:26:07,283 INFO     ___FILE_ONLY___ 

2024-10-22 13:26:07,286 DEBUG    urllib3.connectionpool Starting new HTTPS connection (1): dl.google.com:443
2024-10-22 13:26:07,383 DEBUG    urllib3.connectionpool https://dl.google.com:443 "GET /dl/cloudsdk/channels/rapid/RELEASE_NOTES HTTP/1.1" 200 1291948
2024-10-22 13:26:07,419 INFO     ___FILE_ONLY___ For the latest full release notes, please visit:
  https://cloud.google.com/sdk/release_notes


2024-10-22 13:26:07,419 INFO     ___FILE_ONLY___ Performing in place update...


2024-10-22 13:26:07,421 INFO     ___FILE_ONLY___ ╔════════════════════════════════════════════════════════════╗

2024-10-22 13:26:07,422 INFO     ___FILE_ONLY___ ╠═ Downloading: BigQuery Command Line Tool                  ═╣

2024-10-22 13:26:07,422 INFO     ___FILE_ONLY___ ╚
2024-10-22 13:26:07,425 DEBUG    urllib3.connectionpool Starting new HTTPS connection (1): dl.google.com:443
2024-10-22 13:26:07,583 DEBUG    urllib3.connectionpool https://dl.google.com:443 "GET /dl/cloudsdk/channels/rapid/components/google-cloud-sdk-bq-20241011151610.tar.gz HTTP/1.1" 200 1831026
2024-10-22 13:26:07,594 INFO     ___FILE_ONLY___ ═
2024-10-22 13:26:07,594 INFO     ___FILE_ONLY___ ═
2024-10-22 13:26:07,594 INFO     ___FILE_ONLY___ ═
2024-10-22 13:26:07,594 INFO     ___FILE_ONLY___ ═
2024-10-22 13:26:07,594 INFO     ___FILE_ONLY___ ═
2024-10-22 13:26:07,594 INFO     ___FILE_ONLY___ ═
2024-10-22 13:26:07,594 INFO     ___FILE_ONLY___ ═
2024-10-22 13:26:07,595 INFO     ___FILE_ONLY___ ═
2024-10-22 13:26:07,595 INFO     ___FILE_ONLY___ ═
2024-10-22 13:26:07,595 INFO     ___FILE_ONLY___ ═
2024-10-22 13:26:07,595 INFO     ___FILE_ONLY___ ═
2024-10-22 13:26:07,595 INFO     ___FILE_ONLY___ ═
2024-10-22 13:26:07,595 INFO     ___FILE_ONLY___ ═
2024-10-22 13:26:07,595 INFO     ___FILE_ONLY___ ═
2024-10-22 13:26:07,595 INFO     ___FILE_ONLY___ ═
2024-10-22 13:26:07,595 INFO     ___FILE_ONLY___ ═
2024-10-22 13:26:07,596 INFO     ___FILE_ONLY___ ═
2024-10-22 13:26:07,596 INFO     ___FILE_ONLY___ ═
2024-10-22 13:26:07,596 INFO     ___FILE_ONLY___ ═
2024-10-22 13:26:07,596 INFO     ___FILE_ONLY___ ═
2024-10-22 13:26:07,596 INFO     ___FILE_ONLY___ ═
2024-10-22 13:26:07,596 INFO     ___FILE_ONLY___ ═
2024-10-22 13:26:07,596 INFO     ___FILE_ONLY___ ═
2024-10-22 13:26:07,596 INFO     ___FILE_ONLY___ ═
2024-10-22 13:26:07,596 INFO     ___FILE_ONLY___ ═
2024-10-22 13:26:07,597 INFO     ___FILE_ONLY___ ═
2024-10-22 13:26:07,597 INFO     ___FILE_ONLY___ ═
2024-10-22 13:26:07,597 INFO     ___FILE_ONLY___ ═
2024-10-22 13:26:07,597 INFO     ___FILE_ONLY___ ═
2024-10-22 13:26:07,597 INFO     ___FILE_ONLY___ ═
2024-10-22 13:26:07,597 INFO     ___FILE_ONLY___ ═
2024-10-22 13:26:07,597 INFO     ___FILE_ONLY___ ═
2024-10-22 13:26:07,597 INFO     ___FILE_ONLY___ ═
2024-10-22 13:26:07,597 INFO     ___FILE_ONLY___ ═
2024-10-22 13:26:07,597 INFO     ___FILE_ONLY___ ═
2024-10-22 13:26:07,598 INFO     ___FILE_ONLY___ ═
2024-10-22 13:26:07,598 INFO     ___FILE_ONLY___ ═
2024-10-22 13:26:07,598 INFO     ___FILE_ONLY___ ═
2024-10-22 13:26:07,598 INFO     ___FILE_ONLY___ ═
2024-10-22 13:26:07,598 INFO     ___FILE_ONLY___ ═
2024-10-22 13:26:07,598 INFO     ___FILE_ONLY___ ═
2024-10-22 13:26:07,598 INFO     ___FILE_ONLY___ ═
2024-10-22 13:26:07,598 INFO     ___FILE_ONLY___ ═
2024-10-22 13:26:07,598 INFO     ___FILE_ONLY___ ═
2024-10-22 13:26:07,598 INFO     ___FILE_ONLY___ ═
2024-10-22 13:26:07,599 INFO     ___FILE_ONLY___ ═
2024-10-22 13:26:07,599 INFO     ___FILE_ONLY___ ═
2024-10-22 13:26:07,599 INFO     ___FILE_ONLY___ ═
2024-10-22 13:26:07,599 INFO     ___FILE_ONLY___ ═
2024-10-22 13:26:07,599 INFO     ___FILE_ONLY___ ═
2024-10-22 13:26:07,599 INFO     ___FILE_ONLY___ ═
2024-10-22 13:26:07,599 INFO     ___FILE_ONLY___ ═
2024-10-22 13:26:07,599 INFO     ___FILE_ONLY___ ═
2024-10-22 13:26:07,599 INFO     ___FILE_ONLY___ ═
2024-10-22 13:26:07,599 INFO     ___FILE_ONLY___ ═
2024-10-22 13:26:07,600 INFO     ___FILE_ONLY___ ═
2024-10-22 13:26:07,600 INFO     ___FILE_ONLY___ ═
2024-10-22 13:26:07,600 INFO     ___FILE_ONLY___ ═
2024-10-22 13:26:07,600 INFO     ___FILE_ONLY___ ═
2024-10-22 13:26:07,600 INFO     ___FILE_ONLY___ ═
2024-10-22 13:26:07,600 INFO     ___FILE_ONLY___ ╝

2024-10-22 13:26:07,602 INFO     ___FILE_ONLY___ ╔════════════════════════════════════════════════════════════╗

2024-10-22 13:26:07,602 INFO     ___FILE_ONLY___ ╠═ Downloading: BigQuery Command Line Tool (Platform Spe... ═╣

2024-10-22 13:26:07,602 INFO     ___FILE_ONLY___ ╚
2024-10-22 13:26:07,606 DEBUG    urllib3.connectionpool Starting new HTTPS connection (1): dl.google.com:443
2024-10-22 13:26:07,740 DEBUG    urllib3.connectionpool https://dl.google.com:443 "GET /dl/cloudsdk/channels/rapid/components/google-cloud-sdk-bq-nix-20240830134514.tar.gz HTTP/1.1" 200 1914
2024-10-22 13:26:07,740 INFO     ___FILE_ONLY___ ════════════════════════════════════════════════════════════
2024-10-22 13:26:07,741 INFO     ___FILE_ONLY___ ╝

2024-10-22 13:26:07,743 INFO     ___FILE_ONLY___ ╔════════════════════════════════════════════════════════════╗

2024-10-22 13:26:07,743 INFO     ___FILE_ONLY___ ╠═ Downloading: Bundled Python 3.11                         ═╣

2024-10-22 13:26:07,743 INFO     ___FILE_ONLY___ ╚
2024-10-22 13:26:07,743 INFO     ___FILE_ONLY___ ════════════════════════════════════════════════════════════
2024-10-22 13:26:07,743 INFO     ___FILE_ONLY___ ╝

2024-10-22 13:26:07,745 INFO     ___FILE_ONLY___ ╔════════════════════════════════════════════════════════════╗

2024-10-22 13:26:07,745 INFO     ___FILE_ONLY___ ╠═ Downloading: Bundled Python 3.11 (Platform Specific)     ═╣

2024-10-22 13:26:07,745 INFO     ___FILE_ONLY___ ╚
2024-10-22 13:26:07,748 DEBUG    urllib3.connectionpool Starting new HTTPS connection (1): dl.google.com:443
2024-10-22 13:26:07,882 DEBUG    urllib3.connectionpool https://dl.google.com:443 "GET /dl/cloudsdk/channels/rapid/components/google-cloud-sdk-bundled-python3-unix-linux-x86_64-20240920144119.tar.gz HTTP/1.1" 200 78001783
2024-10-22 13:26:08,148 INFO     ___FILE_ONLY___ ═
2024-10-22 13:26:08,149 INFO     ___FILE_ONLY___ ═
2024-10-22 13:26:08,151 INFO     ___FILE_ONLY___ ═
2024-10-22 13:26:08,152 INFO     ___FILE_ONLY___ ═
2024-10-22 13:26:08,154 INFO     ___FILE_ONLY___ ═
2024-10-22 13:26:08,155 INFO     ___FILE_ONLY___ ═
2024-10-22 13:26:08,157 INFO     ___FILE_ONLY___ ═
2024-10-22 13:26:08,158 INFO     ___FILE_ONLY___ ═
2024-10-22 13:26:08,160 INFO     ___FILE_ONLY___ ═
2024-10-22 13:26:08,161 INFO     ___FILE_ONLY___ ═
2024-10-22 13:26:08,162 INFO     ___FILE_ONLY___ ═
2024-10-22 13:26:08,164 INFO     ___FILE_ONLY___ ═
2024-10-22 13:26:08,165 INFO     ___FILE_ONLY___ ═
2024-10-22 13:26:08,167 INFO     ___FILE_ONLY___ ═
2024-10-22 13:26:08,168 INFO     ___FILE_ONLY___ ═
2024-10-22 13:26:08,170 INFO     ___FILE_ONLY___ ═
2024-10-22 13:26:08,171 INFO     ___FILE_ONLY___ ═
2024-10-22 13:26:08,172 INFO     ___FILE_ONLY___ ═
2024-10-22 13:26:08,174 INFO     ___FILE_ONLY___ ═
2024-10-22 13:26:08,175 INFO     ___FILE_ONLY___ ═
2024-10-22 13:26:08,177 INFO     ___FILE_ONLY___ ═
2024-10-22 13:26:08,178 INFO     ___FILE_ONLY___ ═
2024-10-22 13:26:08,179 INFO     ___FILE_ONLY___ ═
2024-10-22 13:26:08,181 INFO     ___FILE_ONLY___ ═
2024-10-22 13:26:08,182 INFO     ___FILE_ONLY___ ═
2024-10-22 13:26:08,184 INFO     ___FILE_ONLY___ ═
2024-10-22 13:26:08,185 INFO     ___FILE_ONLY___ ═
2024-10-22 13:26:08,187 INFO     ___FILE_ONLY___ ═
2024-10-22 13:26:08,188 INFO     ___FILE_ONLY___ ═
2024-10-22 13:26:08,189 INFO     ___FILE_ONLY___ ═
2024-10-22 13:26:08,191 INFO     ___FILE_ONLY___ ═
2024-10-22 13:26:08,192 INFO     ___FILE_ONLY___ ═
2024-10-22 13:26:08,194 INFO     ___FILE_ONLY___ ═
2024-10-22 13:26:08,195 INFO     ___FILE_ONLY___ ═
2024-10-22 13:26:08,197 INFO     ___FILE_ONLY___ ═
2024-10-22 13:26:08,198 INFO     ___FILE_ONLY___ ═
2024-10-22 13:26:08,199 INFO     ___FILE_ONLY___ ═
2024-10-22 13:26:08,201 INFO     ___FILE_ONLY___ ═
2024-10-22 13:26:08,202 INFO     ___FILE_ONLY___ ═
2024-10-22 13:26:08,204 INFO     ___FILE_ONLY___ ═
2024-10-22 13:26:08,205 INFO     ___FILE_ONLY___ ═
2024-10-22 13:26:08,206 INFO     ___FILE_ONLY___ ═
2024-10-22 13:26:08,208 INFO     ___FILE_ONLY___ ═
2024-10-22 13:26:08,209 INFO     ___FILE_ONLY___ ═
2024-10-22 13:26:08,211 INFO     ___FILE_ONLY___ ═
2024-10-22 13:26:08,212 INFO     ___FILE_ONLY___ ═
2024-10-22 13:26:08,214 INFO     ___FILE_ONLY___ ═
2024-10-22 13:26:08,215 INFO     ___FILE_ONLY___ ═
2024-10-22 13:26:08,217 INFO     ___FILE_ONLY___ ═
2024-10-22 13:26:08,218 INFO     ___FILE_ONLY___ ═
2024-10-22 13:26:08,220 INFO     ___FILE_ONLY___ ═
2024-10-22 13:26:08,221 INFO     ___FILE_ONLY___ ═
2024-10-22 13:26:08,223 INFO     ___FILE_ONLY___ ═
2024-10-22 13:26:08,224 INFO     ___FILE_ONLY___ ═
2024-10-22 13:26:08,226 INFO     ___FILE_ONLY___ ═
2024-10-22 13:26:08,227 INFO     ___FILE_ONLY___ ═
2024-10-22 13:26:08,229 INFO     ___FILE_ONLY___ ═
2024-10-22 13:26:08,230 INFO     ___FILE_ONLY___ ═
2024-10-22 13:26:08,232 INFO     ___FILE_ONLY___ ═
2024-10-22 13:26:08,233 INFO     ___FILE_ONLY___ ═
2024-10-22 13:26:08,233 INFO     ___FILE_ONLY___ ╝

2024-10-22 13:26:08,236 INFO     ___FILE_ONLY___ ╔════════════════════════════════════════════════════════════╗

2024-10-22 13:26:08,236 INFO     ___FILE_ONLY___ ╠═ Downloading: Cloud Storage Command Line Tool             ═╣

2024-10-22 13:26:08,236 INFO     ___FILE_ONLY___ ╚
2024-10-22 13:26:08,244 DEBUG    urllib3.connectionpool Starting new HTTPS connection (1): dl.google.com:443
2024-10-22 13:26:08,383 DEBUG    urllib3.connectionpool https://dl.google.com:443 "GET /dl/cloudsdk/channels/rapid/components/google-cloud-sdk-gsutil-20241011151610.tar.gz HTTP/1.1" 200 11831021
2024-10-22 13:26:08,421 INFO     ___FILE_ONLY___ ═
2024-10-22 13:26:08,422 INFO     ___FILE_ONLY___ ═
2024-10-22 13:26:08,422 INFO     ___FILE_ONLY___ ═
2024-10-22 13:26:08,422 INFO     ___FILE_ONLY___ ═
2024-10-22 13:26:08,422 INFO     ___FILE_ONLY___ ═
2024-10-22 13:26:08,423 INFO     ___FILE_ONLY___ ═
2024-10-22 13:26:08,423 INFO     ___FILE_ONLY___ ═
2024-10-22 13:26:08,423 INFO     ___FILE_ONLY___ ═
2024-10-22 13:26:08,424 INFO     ___FILE_ONLY___ ═
2024-10-22 13:26:08,424 INFO     ___FILE_ONLY___ ═
2024-10-22 13:26:08,424 INFO     ___FILE_ONLY___ ═
2024-10-22 13:26:08,425 INFO     ___FILE_ONLY___ ═
2024-10-22 13:26:08,425 INFO     ___FILE_ONLY___ ═
2024-10-22 13:26:08,425 INFO     ___FILE_ONLY___ ═
2024-10-22 13:26:08,426 INFO     ___FILE_ONLY___ ═
2024-10-22 13:26:08,426 INFO     ___FILE_ONLY___ ═
2024-10-22 13:26:08,426 INFO     ___FILE_ONLY___ ═
2024-10-22 13:26:08,426 INFO     ___FILE_ONLY___ ═
2024-10-22 13:26:08,427 INFO     ___FILE_ONLY___ ═
2024-10-22 13:26:08,427 INFO     ___FILE_ONLY___ ═
2024-10-22 13:26:08,427 INFO     ___FILE_ONLY___ ═
2024-10-22 13:26:08,428 INFO     ___FILE_ONLY___ ═
2024-10-22 13:26:08,428 INFO     ___FILE_ONLY___ ═
2024-10-22 13:26:08,428 INFO     ___FILE_ONLY___ ═
2024-10-22 13:26:08,428 INFO     ___FILE_ONLY___ ═
2024-10-22 13:26:08,429 INFO     ___FILE_ONLY___ ═
2024-10-22 13:26:08,429 INFO     ___FILE_ONLY___ ═
2024-10-22 13:26:08,429 INFO     ___FILE_ONLY___ ═
2024-10-22 13:26:08,430 INFO     ___FILE_ONLY___ ═
2024-10-22 13:26:08,430 INFO     ___FILE_ONLY___ ═
2024-10-22 13:26:08,430 INFO     ___FILE_ONLY___ ═
2024-10-22 13:26:08,430 INFO     ___FILE_ONLY___ ═
2024-10-22 13:26:08,431 INFO     ___FILE_ONLY___ ═
2024-10-22 13:26:08,431 INFO     ___FILE_ONLY___ ═
2024-10-22 13:26:08,431 INFO     ___FILE_ONLY___ ═
2024-10-22 13:26:08,432 INFO     ___FILE_ONLY___ ═
2024-10-22 13:26:08,432 INFO     ___FILE_ONLY___ ═
2024-10-22 13:26:08,432 INFO     ___FILE_ONLY___ ═
2024-10-22 13:26:08,432 INFO     ___FILE_ONLY___ ═
2024-10-22 13:26:08,433 INFO     ___FILE_ONLY___ ═
2024-10-22 13:26:08,433 INFO     ___FILE_ONLY___ ═
2024-10-22 13:26:08,433 INFO     ___FILE_ONLY___ ═
2024-10-22 13:26:08,434 INFO     ___FILE_ONLY___ ═
2024-10-22 13:26:08,434 INFO     ___FILE_ONLY___ ═
2024-10-22 13:26:08,434 INFO     ___FILE_ONLY___ ═
2024-10-22 13:26:08,434 INFO     ___FILE_ONLY___ ═
2024-10-22 13:26:08,435 INFO     ___FILE_ONLY___ ═
2024-10-22 13:26:08,435 INFO     ___FILE_ONLY___ ═
2024-10-22 13:26:08,435 INFO     ___FILE_ONLY___ ═
2024-10-22 13:26:08,436 INFO     ___FILE_ONLY___ ═
2024-10-22 13:26:08,436 INFO     ___FILE_ONLY___ ═
2024-10-22 13:26:08,436 INFO     ___FILE_ONLY___ ═
2024-10-22 13:26:08,437 INFO     ___FILE_ONLY___ ═
2024-10-22 13:26:08,437 INFO     ___FILE_ONLY___ ═
2024-10-22 13:26:08,437 INFO     ___FILE_ONLY___ ═
2024-10-22 13:26:08,437 INFO     ___FILE_ONLY___ ═
2024-10-22 13:26:08,438 INFO     ___FILE_ONLY___ ═
2024-10-22 13:26:08,438 INFO     ___FILE_ONLY___ ═
2024-10-22 13:26:08,438 INFO     ___FILE_ONLY___ ═
2024-10-22 13:26:08,439 INFO     ___FILE_ONLY___ ═
2024-10-22 13:26:08,439 INFO     ___FILE_ONLY___ ╝

2024-10-22 13:26:08,441 INFO     ___FILE_ONLY___ ╔════════════════════════════════════════════════════════════╗

2024-10-22 13:26:08,441 INFO     ___FILE_ONLY___ ╠═ Downloading: Cloud Storage Command Line Tool (Platfor... ═╣

2024-10-22 13:26:08,441 INFO     ___FILE_ONLY___ ╚
2024-10-22 13:26:08,445 DEBUG    urllib3.connectionpool Starting new HTTPS connection (1): dl.google.com:443
2024-10-22 13:26:08,518 DEBUG    urllib3.connectionpool https://dl.google.com:443 "GET /dl/cloudsdk/channels/rapid/components/google-cloud-sdk-gsutil-nix-20240830134514.tar.gz HTTP/1.1" 200 1928
2024-10-22 13:26:08,519 INFO     ___FILE_ONLY___ ════════════════════════════════════════════════════════════
2024-10-22 13:26:08,519 INFO     ___FILE_ONLY___ ╝

2024-10-22 13:26:08,521 INFO     ___FILE_ONLY___ ╔════════════════════════════════════════════════════════════╗

2024-10-22 13:26:08,522 INFO     ___FILE_ONLY___ ╠═ Downloading: Default set of gcloud commands              ═╣

2024-10-22 13:26:08,522 INFO     ___FILE_ONLY___ ╚
2024-10-22 13:26:08,522 INFO     ___FILE_ONLY___ ════════════════════════════════════════════════════════════
2024-10-22 13:26:08,522 INFO     ___FILE_ONLY___ ╝

2024-10-22 13:26:08,524 INFO     ___FILE_ONLY___ ╔════════════════════════════════════════════════════════════╗

2024-10-22 13:26:08,524 INFO     ___FILE_ONLY___ ╠═ Downloading: Google Cloud CLI Core Libraries (Platfor... ═╣

2024-10-22 13:26:08,524 INFO     ___FILE_ONLY___ ╚
2024-10-22 13:26:08,527 DEBUG    urllib3.connectionpool Starting new HTTPS connection (1): dl.google.com:443
2024-10-22 13:26:08,660 DEBUG    urllib3.connectionpool https://dl.google.com:443 "GET /dl/cloudsdk/channels/rapid/components/google-cloud-sdk-core-nix-20240830134514.tar.gz HTTP/1.1" 200 2306
2024-10-22 13:26:08,661 INFO     ___FILE_ONLY___ ════════════════════════════════════════════════════════════
2024-10-22 13:26:08,661 INFO     ___FILE_ONLY___ ╝

2024-10-22 13:26:08,663 INFO     ___FILE_ONLY___ ╔════════════════════════════════════════════════════════════╗

2024-10-22 13:26:08,663 INFO     ___FILE_ONLY___ ╠═ Downloading: Google Cloud CRC32C Hash Tool               ═╣

2024-10-22 13:26:08,664 INFO     ___FILE_ONLY___ ╚
2024-10-22 13:26:08,664 INFO     ___FILE_ONLY___ ════════════════════════════════════════════════════════════
2024-10-22 13:26:08,664 INFO     ___FILE_ONLY___ ╝

2024-10-22 13:26:08,665 INFO     ___FILE_ONLY___ ╔════════════════════════════════════════════════════════════╗

2024-10-22 13:26:08,666 INFO     ___FILE_ONLY___ ╠═ Downloading: Google Cloud CRC32C Hash Tool (Platform ... ═╣

2024-10-22 13:26:08,666 INFO     ___FILE_ONLY___ ╚
2024-10-22 13:26:08,669 DEBUG    urllib3.connectionpool Starting new HTTPS connection (1): dl.google.com:443
2024-10-22 13:26:08,764 DEBUG    urllib3.connectionpool https://dl.google.com:443 "GET /dl/cloudsdk/channels/rapid/components/google-cloud-sdk-gcloud-crc32c-linux-x86_64-20240712142834.tar.gz HTTP/1.1" 200 1350263
2024-10-22 13:26:08,774 INFO     ___FILE_ONLY___ ═
2024-10-22 13:26:08,774 INFO     ___FILE_ONLY___ ═
2024-10-22 13:26:08,774 INFO     ___FILE_ONLY___ ═
2024-10-22 13:26:08,774 INFO     ___FILE_ONLY___ ═
2024-10-22 13:26:08,774 INFO     ___FILE_ONLY___ ═
2024-10-22 13:26:08,774 INFO     ___FILE_ONLY___ ═
2024-10-22 13:26:08,775 INFO     ___FILE_ONLY___ ═
2024-10-22 13:26:08,775 INFO     ___FILE_ONLY___ ═
2024-10-22 13:26:08,775 INFO     ___FILE_ONLY___ ═
2024-10-22 13:26:08,775 INFO     ___FILE_ONLY___ ═
2024-10-22 13:26:08,775 INFO     ___FILE_ONLY___ ═
2024-10-22 13:26:08,775 INFO     ___FILE_ONLY___ ═
2024-10-22 13:26:08,775 INFO     ___FILE_ONLY___ ═
2024-10-22 13:26:08,775 INFO     ___FILE_ONLY___ ═
2024-10-22 13:26:08,775 INFO     ___FILE_ONLY___ ═
2024-10-22 13:26:08,775 INFO     ___FILE_ONLY___ ═
2024-10-22 13:26:08,776 INFO     ___FILE_ONLY___ ═
2024-10-22 13:26:08,776 INFO     ___FILE_ONLY___ ═
2024-10-22 13:26:08,776 INFO     ___FILE_ONLY___ ═
2024-10-22 13:26:08,776 INFO     ___FILE_ONLY___ ═
2024-10-22 13:26:08,776 INFO     ___FILE_ONLY___ ═
2024-10-22 13:26:08,776 INFO     ___FILE_ONLY___ ═
2024-10-22 13:26:08,776 INFO     ___FILE_ONLY___ ═
2024-10-22 13:26:08,776 INFO     ___FILE_ONLY___ ═
2024-10-22 13:26:08,776 INFO     ___FILE_ONLY___ ═
2024-10-22 13:26:08,776 INFO     ___FILE_ONLY___ ═
2024-10-22 13:26:08,776 INFO     ___FILE_ONLY___ ═
2024-10-22 13:26:08,777 INFO     ___FILE_ONLY___ ═
2024-10-22 13:26:08,777 INFO     ___FILE_ONLY___ ═
2024-10-22 13:26:08,777 INFO     ___FILE_ONLY___ ═
2024-10-22 13:26:08,777 INFO     ___FILE_ONLY___ ═
2024-10-22 13:26:08,777 INFO     ___FILE_ONLY___ ═
2024-10-22 13:26:08,777 INFO     ___FILE_ONLY___ ═
2024-10-22 13:26:08,777 INFO     ___FILE_ONLY___ ═
2024-10-22 13:26:08,777 INFO     ___FILE_ONLY___ ═
2024-10-22 13:26:08,777 INFO     ___FILE_ONLY___ ═
2024-10-22 13:26:08,777 INFO     ___FILE_ONLY___ ═
2024-10-22 13:26:08,777 INFO     ___FILE_ONLY___ ═
2024-10-22 13:26:08,777 INFO     ___FILE_ONLY___ ═
2024-10-22 13:26:08,778 INFO     ___FILE_ONLY___ ═
2024-10-22 13:26:08,778 INFO     ___FILE_ONLY___ ═
2024-10-22 13:26:08,778 INFO     ___FILE_ONLY___ ═
2024-10-22 13:26:08,778 INFO     ___FILE_ONLY___ ═
2024-10-22 13:26:08,778 INFO     ___FILE_ONLY___ ═
2024-10-22 13:26:08,778 INFO     ___FILE_ONLY___ ═
2024-10-22 13:26:08,778 INFO     ___FILE_ONLY___ ═
2024-10-22 13:26:08,778 INFO     ___FILE_ONLY___ ═
2024-10-22 13:26:08,778 INFO     ___FILE_ONLY___ ═
2024-10-22 13:26:08,778 INFO     ___FILE_ONLY___ ═
2024-10-22 13:26:08,778 INFO     ___FILE_ONLY___ ═
2024-10-22 13:26:08,779 INFO     ___FILE_ONLY___ ═
2024-10-22 13:26:08,779 INFO     ___FILE_ONLY___ ═
2024-10-22 13:26:08,779 INFO     ___FILE_ONLY___ ═
2024-10-22 13:26:08,779 INFO     ___FILE_ONLY___ ═
2024-10-22 13:26:08,779 INFO     ___FILE_ONLY___ ═
2024-10-22 13:26:08,779 INFO     ___FILE_ONLY___ ═
2024-10-22 13:26:08,779 INFO     ___FILE_ONLY___ ═
2024-10-22 13:26:08,779 INFO     ___FILE_ONLY___ ═
2024-10-22 13:26:08,779 INFO     ___FILE_ONLY___ ═
2024-10-22 13:26:08,779 INFO     ___FILE_ONLY___ ═
2024-10-22 13:26:08,779 INFO     ___FILE_ONLY___ ╝

2024-10-22 13:26:08,782 INFO     ___FILE_ONLY___ ╔════════════════════════════════════════════════════════════╗

2024-10-22 13:26:08,782 INFO     ___FILE_ONLY___ ╠═ Downloading: gcloud cli dependencies (Platform Specific) ═╣

2024-10-22 13:26:08,782 INFO     ___FILE_ONLY___ ╚
2024-10-22 13:26:08,785 DEBUG    urllib3.connectionpool Starting new HTTPS connection (1): dl.google.com:443
2024-10-22 13:26:08,855 DEBUG    urllib3.connectionpool https://dl.google.com:443 "GET /dl/cloudsdk/channels/rapid/components/google-cloud-sdk-gcloud-deps-linux-x86_64-20210416153011.tar.gz HTTP/1.1" 200 104
2024-10-22 13:26:08,855 INFO     ___FILE_ONLY___ ════════════════════════════════════════════════════════════
2024-10-22 13:26:08,856 INFO     ___FILE_ONLY___ ╝

2024-10-22 13:26:08,858 INFO     ___FILE_ONLY___ ╔════════════════════════════════════════════════════════════╗

2024-10-22 13:26:08,858 INFO     ___FILE_ONLY___ ╠═ Installing: BigQuery Command Line Tool                   ═╣

2024-10-22 13:26:08,858 INFO     ___FILE_ONLY___ ╚
2024-10-22 13:26:08,976 INFO     ___FILE_ONLY___ ═
2024-10-22 13:26:08,978 INFO     ___FILE_ONLY___ ═
2024-10-22 13:26:08,981 INFO     ___FILE_ONLY___ ═
2024-10-22 13:26:08,984 INFO     ___FILE_ONLY___ ═
2024-10-22 13:26:08,986 INFO     ___FILE_ONLY___ ═
2024-10-22 13:26:08,989 INFO     ___FILE_ONLY___ ═
2024-10-22 13:26:08,991 INFO     ___FILE_ONLY___ ═
2024-10-22 13:26:08,993 INFO     ___FILE_ONLY___ ═
2024-10-22 13:26:08,996 INFO     ___FILE_ONLY___ ═
2024-10-22 13:26:08,998 INFO     ___FILE_ONLY___ ═
2024-10-22 13:26:09,000 INFO     ___FILE_ONLY___ ═
2024-10-22 13:26:09,002 INFO     ___FILE_ONLY___ ═
2024-10-22 13:26:09,005 INFO     ___FILE_ONLY___ ═
2024-10-22 13:26:09,007 INFO     ___FILE_ONLY___ ═
2024-10-22 13:26:09,009 INFO     ___FILE_ONLY___ ═
2024-10-22 13:26:09,011 INFO     ___FILE_ONLY___ ═
2024-10-22 13:26:09,013 INFO     ___FILE_ONLY___ ═
2024-10-22 13:26:09,017 INFO     ___FILE_ONLY___ ═
2024-10-22 13:26:09,019 INFO     ___FILE_ONLY___ ═
2024-10-22 13:26:09,021 INFO     ___FILE_ONLY___ ═
2024-10-22 13:26:09,024 INFO     ___FILE_ONLY___ ═
2024-10-22 13:26:09,026 INFO     ___FILE_ONLY___ ═
2024-10-22 13:26:09,028 INFO     ___FILE_ONLY___ ═
2024-10-22 13:26:09,030 INFO     ___FILE_ONLY___ ═
2024-10-22 13:26:09,032 INFO     ___FILE_ONLY___ ═
2024-10-22 13:26:09,034 INFO     ___FILE_ONLY___ ═
2024-10-22 13:26:09,036 INFO     ___FILE_ONLY___ ═
2024-10-22 13:26:09,039 INFO     ___FILE_ONLY___ ═
2024-10-22 13:26:09,042 INFO     ___FILE_ONLY___ ═
2024-10-22 13:26:09,044 INFO     ___FILE_ONLY___ ═
2024-10-22 13:26:09,046 INFO     ___FILE_ONLY___ ═
2024-10-22 13:26:09,049 INFO     ___FILE_ONLY___ ═
2024-10-22 13:26:09,052 INFO     ___FILE_ONLY___ ═
2024-10-22 13:26:09,056 INFO     ___FILE_ONLY___ ═
2024-10-22 13:26:09,064 INFO     ___FILE_ONLY___ ═
2024-10-22 13:26:09,065 INFO     ___FILE_ONLY___ ═
2024-10-22 13:26:09,068 INFO     ___FILE_ONLY___ ═
2024-10-22 13:26:09,073 INFO     ___FILE_ONLY___ ═
2024-10-22 13:26:09,075 INFO     ___FILE_ONLY___ ═
2024-10-22 13:26:09,078 INFO     ___FILE_ONLY___ ═
2024-10-22 13:26:09,080 INFO     ___FILE_ONLY___ ═
2024-10-22 13:26:09,082 INFO     ___FILE_ONLY___ ═
2024-10-22 13:26:09,087 INFO     ___FILE_ONLY___ ═
2024-10-22 13:26:09,089 INFO     ___FILE_ONLY___ ═
2024-10-22 13:26:09,091 INFO     ___FILE_ONLY___ ═
2024-10-22 13:26:09,093 INFO     ___FILE_ONLY___ ═
2024-10-22 13:26:09,095 INFO     ___FILE_ONLY___ ═
2024-10-22 13:26:09,097 INFO     ___FILE_ONLY___ ═
2024-10-22 13:26:09,100 INFO     ___FILE_ONLY___ ═
2024-10-22 13:26:09,102 INFO     ___FILE_ONLY___ ═
2024-10-22 13:26:09,104 INFO     ___FILE_ONLY___ ═
2024-10-22 13:26:09,106 INFO     ___FILE_ONLY___ ═
2024-10-22 13:26:09,108 INFO     ___FILE_ONLY___ ═
2024-10-22 13:26:09,110 INFO     ___FILE_ONLY___ ═
2024-10-22 13:26:09,113 INFO     ___FILE_ONLY___ ═
2024-10-22 13:26:09,115 INFO     ___FILE_ONLY___ ═
2024-10-22 13:26:09,117 INFO     ___FILE_ONLY___ ═
2024-10-22 13:26:09,119 INFO     ___FILE_ONLY___ ═
2024-10-22 13:26:09,121 INFO     ___FILE_ONLY___ ═
2024-10-22 13:26:09,124 INFO     ___FILE_ONLY___ ═
2024-10-22 13:26:09,124 INFO     ___FILE_ONLY___ ╝

2024-10-22 13:26:09,136 INFO     ___FILE_ONLY___ ╔════════════════════════════════════════════════════════════╗

2024-10-22 13:26:09,136 INFO     ___FILE_ONLY___ ╠═ Installing: BigQuery Command Line Tool (Platform Spec... ═╣

2024-10-22 13:26:09,136 INFO     ___FILE_ONLY___ ╚
2024-10-22 13:26:09,137 INFO     ___FILE_ONLY___ ════════════════════════════════════════════════════════════
2024-10-22 13:26:09,137 INFO     ___FILE_ONLY___ ╝

2024-10-22 13:26:09,143 INFO     ___FILE_ONLY___ ╔════════════════════════════════════════════════════════════╗

2024-10-22 13:26:09,143 INFO     ___FILE_ONLY___ ╠═ Installing: Bundled Python 3.11                          ═╣

2024-10-22 13:26:09,143 INFO     ___FILE_ONLY___ ╚
2024-10-22 13:26:09,148 INFO     ___FILE_ONLY___ ════════════════════════════════════════════════════════════
2024-10-22 13:26:09,148 INFO     ___FILE_ONLY___ ╝

2024-10-22 13:26:09,149 INFO     ___FILE_ONLY___ ╔════════════════════════════════════════════════════════════╗

2024-10-22 13:26:09,150 INFO     ___FILE_ONLY___ ╠═ Installing: Bundled Python 3.11 (Platform Specific)      ═╣

2024-10-22 13:26:09,150 INFO     ___FILE_ONLY___ ╚
2024-10-22 13:26:11,282 INFO     ___FILE_ONLY___ ═
2024-10-22 13:26:11,298 INFO     ___FILE_ONLY___ ═
2024-10-22 13:26:11,311 INFO     ___FILE_ONLY___ ═
2024-10-22 13:26:11,323 INFO     ___FILE_ONLY___ ═
2024-10-22 13:26:11,335 INFO     ___FILE_ONLY___ ═
2024-10-22 13:26:11,348 INFO     ___FILE_ONLY___ ═
2024-10-22 13:26:11,360 INFO     ___FILE_ONLY___ ═
2024-10-22 13:26:11,372 INFO     ___FILE_ONLY___ ═
2024-10-22 13:26:11,385 INFO     ___FILE_ONLY___ ═
2024-10-22 13:26:11,397 INFO     ___FILE_ONLY___ ═
2024-10-22 13:26:11,408 INFO     ___FILE_ONLY___ ═
2024-10-22 13:26:11,420 INFO     ___FILE_ONLY___ ═
2024-10-22 13:26:11,433 INFO     ___FILE_ONLY___ ═
2024-10-22 13:26:11,445 INFO     ___FILE_ONLY___ ═
2024-10-22 13:26:11,457 INFO     ___FILE_ONLY___ ═
2024-10-22 13:26:11,470 INFO     ___FILE_ONLY___ ═
2024-10-22 13:26:11,482 INFO     ___FILE_ONLY___ ═
2024-10-22 13:26:11,494 INFO     ___FILE_ONLY___ ═
2024-10-22 13:26:11,506 INFO     ___FILE_ONLY___ ═
2024-10-22 13:26:11,518 INFO     ___FILE_ONLY___ ═
2024-10-22 13:26:11,531 INFO     ___FILE_ONLY___ ═
2024-10-22 13:26:11,543 INFO     ___FILE_ONLY___ ═
2024-10-22 13:26:11,555 INFO     ___FILE_ONLY___ ═
2024-10-22 13:26:11,567 INFO     ___FILE_ONLY___ ═
2024-10-22 13:26:11,580 INFO     ___FILE_ONLY___ ═
2024-10-22 13:26:11,592 INFO     ___FILE_ONLY___ ═
2024-10-22 13:26:11,605 INFO     ___FILE_ONLY___ ═
2024-10-22 13:26:11,617 INFO     ___FILE_ONLY___ ═
2024-10-22 13:26:11,630 INFO     ___FILE_ONLY___ ═
2024-10-22 13:26:11,642 INFO     ___FILE_ONLY___ ═
2024-10-22 13:26:11,654 INFO     ___FILE_ONLY___ ═
2024-10-22 13:26:11,666 INFO     ___FILE_ONLY___ ═
2024-10-22 13:26:11,677 INFO     ___FILE_ONLY___ ═
2024-10-22 13:26:11,689 INFO     ___FILE_ONLY___ ═
2024-10-22 13:26:11,702 INFO     ___FILE_ONLY___ ═
2024-10-22 13:26:11,714 INFO     ___FILE_ONLY___ ═
2024-10-22 13:26:12,455 INFO     ___FILE_ONLY___ ═
2024-10-22 13:26:12,481 INFO     ___FILE_ONLY___ ═
2024-10-22 13:26:12,504 INFO     ___FILE_ONLY___ ═
2024-10-22 13:26:12,524 INFO     ___FILE_ONLY___ ═
2024-10-22 13:26:12,545 INFO     ___FILE_ONLY___ ═
2024-10-22 13:26:12,683 INFO     ___FILE_ONLY___ ═
2024-10-22 13:26:12,711 INFO     ___FILE_ONLY___ ═
2024-10-22 13:26:12,730 INFO     ___FILE_ONLY___ ═
2024-10-22 13:26:12,746 INFO     ___FILE_ONLY___ ═
2024-10-22 13:26:12,764 INFO     ___FILE_ONLY___ ═
2024-10-22 13:26:12,794 INFO     ___FILE_ONLY___ ═
2024-10-22 13:26:12,815 INFO     ___FILE_ONLY___ ═
2024-10-22 13:26:12,833 INFO     ___FILE_ONLY___ ═
2024-10-22 13:26:12,848 INFO     ___FILE_ONLY___ ═
2024-10-22 13:26:12,942 INFO     ___FILE_ONLY___ ═
2024-10-22 13:26:12,964 INFO     ___FILE_ONLY___ ═
2024-10-22 13:26:12,986 INFO     ___FILE_ONLY___ ═
2024-10-22 13:26:13,007 INFO     ___FILE_ONLY___ ═
2024-10-22 13:26:13,055 INFO     ___FILE_ONLY___ ═
2024-10-22 13:26:13,438 INFO     ___FILE_ONLY___ ═
2024-10-22 13:26:13,456 INFO     ___FILE_ONLY___ ═
2024-10-22 13:26:13,477 INFO     ___FILE_ONLY___ ═
2024-10-22 13:26:13,494 INFO     ___FILE_ONLY___ ═
2024-10-22 13:26:13,861 INFO     ___FILE_ONLY___ ═
2024-10-22 13:26:13,861 INFO     ___FILE_ONLY___ ╝

2024-10-22 13:26:13,938 INFO     ___FILE_ONLY___ ╔════════════════════════════════════════════════════════════╗

2024-10-22 13:26:13,938 INFO     ___FILE_ONLY___ ╠═ Installing: Cloud Storage Command Line Tool              ═╣

2024-10-22 13:26:13,938 INFO     ___FILE_ONLY___ ╚
2024-10-22 13:26:14,563 INFO     ___FILE_ONLY___ ═
2024-10-22 13:26:14,578 INFO     ___FILE_ONLY___ ═
2024-10-22 13:26:14,597 INFO     ___FILE_ONLY___ ═
2024-10-22 13:26:14,616 INFO     ___FILE_ONLY___ ═
2024-10-22 13:26:14,629 INFO     ___FILE_ONLY___ ═
2024-10-22 13:26:14,637 INFO     ___FILE_ONLY___ ═
2024-10-22 13:26:14,645 INFO     ___FILE_ONLY___ ═
2024-10-22 13:26:14,655 INFO     ___FILE_ONLY___ ═
2024-10-22 13:26:14,664 INFO     ___FILE_ONLY___ ═
2024-10-22 13:26:14,673 INFO     ___FILE_ONLY___ ═
2024-10-22 13:26:14,684 INFO     ___FILE_ONLY___ ═
2024-10-22 13:26:14,694 INFO     ___FILE_ONLY___ ═
2024-10-22 13:26:14,705 INFO     ___FILE_ONLY___ ═
2024-10-22 13:26:14,715 INFO     ___FILE_ONLY___ ═
2024-10-22 13:26:14,727 INFO     ___FILE_ONLY___ ═
2024-10-22 13:26:14,739 INFO     ___FILE_ONLY___ ═
2024-10-22 13:26:14,754 INFO     ___FILE_ONLY___ ═
2024-10-22 13:26:14,767 INFO     ___FILE_ONLY___ ═
2024-10-22 13:26:14,779 INFO     ___FILE_ONLY___ ═
2024-10-22 13:26:14,792 INFO     ___FILE_ONLY___ ═
2024-10-22 13:26:14,806 INFO     ___FILE_ONLY___ ═
2024-10-22 13:26:14,821 INFO     ___FILE_ONLY___ ═
2024-10-22 13:26:14,833 INFO     ___FILE_ONLY___ ═
2024-10-22 13:26:14,844 INFO     ___FILE_ONLY___ ═
2024-10-22 13:26:14,859 INFO     ___FILE_ONLY___ ═
2024-10-22 13:26:14,874 INFO     ___FILE_ONLY___ ═
2024-10-22 13:26:14,890 INFO     ___FILE_ONLY___ ═
2024-10-22 13:26:14,908 INFO     ___FILE_ONLY___ ═
2024-10-22 13:26:14,929 INFO     ___FILE_ONLY___ ═
2024-10-22 13:26:14,942 INFO     ___FILE_ONLY___ ═
2024-10-22 13:26:14,951 INFO     ___FILE_ONLY___ ═
2024-10-22 13:26:14,965 INFO     ___FILE_ONLY___ ═
2024-10-22 13:26:14,978 INFO     ___FILE_ONLY___ ═
2024-10-22 13:26:14,987 INFO     ___FILE_ONLY___ ═
2024-10-22 13:26:14,998 INFO     ___FILE_ONLY___ ═
2024-10-22 13:26:15,011 INFO     ___FILE_ONLY___ ═
2024-10-22 13:26:15,021 INFO     ___FILE_ONLY___ ═
2024-10-22 13:26:15,030 INFO     ___FILE_ONLY___ ═
2024-10-22 13:26:15,040 INFO     ___FILE_ONLY___ ═
2024-10-22 13:26:15,051 INFO     ___FILE_ONLY___ ═
2024-10-22 13:26:15,086 INFO     ___FILE_ONLY___ ═
2024-10-22 13:26:15,101 INFO     ___FILE_ONLY___ ═
2024-10-22 13:26:15,112 INFO     ___FILE_ONLY___ ═
2024-10-22 13:26:15,124 INFO     ___FILE_ONLY___ ═
2024-10-22 13:26:15,133 INFO     ___FILE_ONLY___ ═
2024-10-22 13:26:15,143 INFO     ___FILE_ONLY___ ═
2024-10-22 13:26:15,153 INFO     ___FILE_ONLY___ ═
2024-10-22 13:26:15,165 INFO     ___FILE_ONLY___ ═
2024-10-22 13:26:15,183 INFO     ___FILE_ONLY___ ═
2024-10-22 13:26:15,195 INFO     ___FILE_ONLY___ ═
2024-10-22 13:26:15,204 INFO     ___FILE_ONLY___ ═
2024-10-22 13:26:15,213 INFO     ___FILE_ONLY___ ═
2024-10-22 13:26:15,228 INFO     ___FILE_ONLY___ ═
2024-10-22 13:26:15,239 INFO     ___FILE_ONLY___ ═
2024-10-22 13:26:15,253 INFO     ___FILE_ONLY___ ═
2024-10-22 13:26:15,269 INFO     ___FILE_ONLY___ ═
2024-10-22 13:26:15,281 INFO     ___FILE_ONLY___ ═
2024-10-22 13:26:15,293 INFO     ___FILE_ONLY___ ═
2024-10-22 13:26:15,302 INFO     ___FILE_ONLY___ ═
2024-10-22 13:26:15,312 INFO     ___FILE_ONLY___ ═
2024-10-22 13:26:15,312 INFO     ___FILE_ONLY___ ╝

2024-10-22 13:26:15,362 INFO     ___FILE_ONLY___ ╔════════════════════════════════════════════════════════════╗

2024-10-22 13:26:15,362 INFO     ___FILE_ONLY___ ╠═ Installing: Cloud Storage Command Line Tool (Platform... ═╣

2024-10-22 13:26:15,362 INFO     ___FILE_ONLY___ ╚
2024-10-22 13:26:15,363 INFO     ___FILE_ONLY___ ════════════════════════════════════════════════════════════
2024-10-22 13:26:15,363 INFO     ___FILE_ONLY___ ╝

2024-10-22 13:26:15,370 INFO     ___FILE_ONLY___ ╔════════════════════════════════════════════════════════════╗

2024-10-22 13:26:15,370 INFO     ___FILE_ONLY___ ╠═ Installing: Default set of gcloud commands               ═╣

2024-10-22 13:26:15,370 INFO     ___FILE_ONLY___ ╚
2024-10-22 13:26:15,374 INFO     ___FILE_ONLY___ ════════════════════════════════════════════════════════════
2024-10-22 13:26:15,374 INFO     ___FILE_ONLY___ ╝

2024-10-22 13:26:15,376 INFO     ___FILE_ONLY___ ╔════════════════════════════════════════════════════════════╗

2024-10-22 13:26:15,376 INFO     ___FILE_ONLY___ ╠═ Installing: Google Cloud CLI Core Libraries (Platform... ═╣

2024-10-22 13:26:15,377 INFO     ___FILE_ONLY___ ╚
2024-10-22 13:26:15,378 INFO     ___FILE_ONLY___ ══════════════════════════════
2024-10-22 13:26:15,378 INFO     ___FILE_ONLY___ ══════════════════════════════
2024-10-22 13:26:15,378 INFO     ___FILE_ONLY___ ╝

2024-10-22 13:26:15,384 INFO     ___FILE_ONLY___ ╔════════════════════════════════════════════════════════════╗

2024-10-22 13:26:15,384 INFO     ___FILE_ONLY___ ╠═ Installing: Google Cloud CRC32C Hash Tool                ═╣

2024-10-22 13:26:15,384 INFO     ___FILE_ONLY___ ╚
2024-10-22 13:26:15,389 INFO     ___FILE_ONLY___ ════════════════════════════════════════════════════════════
2024-10-22 13:26:15,389 INFO     ___FILE_ONLY___ ╝

2024-10-22 13:26:15,391 INFO     ___FILE_ONLY___ ╔════════════════════════════════════════════════════════════╗

2024-10-22 13:26:15,391 INFO     ___FILE_ONLY___ ╠═ Installing: Google Cloud CRC32C Hash Tool (Platform S... ═╣

2024-10-22 13:26:15,391 INFO     ___FILE_ONLY___ ╚
2024-10-22 13:26:15,427 INFO     ___FILE_ONLY___ ══════════════════════════════
2024-10-22 13:26:15,427 INFO     ___FILE_ONLY___ ══════════════════════════════
2024-10-22 13:26:15,427 INFO     ___FILE_ONLY___ ╝

2024-10-22 13:26:15,434 INFO     ___FILE_ONLY___ ╔════════════════════════════════════════════════════════════╗

2024-10-22 13:26:15,435 INFO     ___FILE_ONLY___ ╠═ Installing: gcloud cli dependencies (Platform Specific)  ═╣

2024-10-22 13:26:15,435 INFO     ___FILE_ONLY___ ╚
2024-10-22 13:26:15,435 INFO     ___FILE_ONLY___ ════════════════════════════════════════════════════════════
2024-10-22 13:26:15,435 INFO     ___FILE_ONLY___ ╝

2024-10-22 13:26:15,443 DEBUG    root            Updating notification cache...
2024-10-22 13:26:15,443 INFO     ___FILE_ONLY___ 

2024-10-22 13:26:15,445 INFO     ___FILE_ONLY___ Performing post processing steps...
2024-10-22 13:26:15,446 DEBUG    root            Executing command: ['/tools/google-cloud-sdk/bin/gcloud', 'components', 'post-process']
2024-10-22 13:26:25,257 DEBUG    ___FILE_ONLY___ 
2024-10-22 13:26:25,257 DEBUG    ___FILE_ONLY___ 
2024-10-22 13:26:25,472 INFO     ___FILE_ONLY___ 
Update done!


2024-10-22 13:26:25,475 DEBUG    root            Chosen display Format:none
2024-10-22 13:26:25,475 INFO     root            Display format: "none"
