2024-10-22 13:26:26,046 DEBUG    root            Loaded Command Group: ['gcloud', 'components']
2024-10-22 13:26:26,048 DEBUG    root            Loaded Command Group: ['gcloud', 'components', 'update']
2024-10-22 13:26:26,051 DEBUG    root            Running [gcloud.components.update] with arguments: [--quiet: "True", COMPONENT-IDS:8: "['gcloud', 'core', 'bq', 'gsutil', 'compute', 'preview', 'alpha', 'beta']"]
2024-10-22 13:26:26,052 INFO     ___FILE_ONLY___ Beginning update. This process may take several minutes.

2024-10-22 13:26:26,062 DEBUG    urllib3.connectionpool Starting new HTTPS connection (1): dl.google.com:443
2024-10-22 13:26:26,159 DEBUG    urllib3.connectionpool https://dl.google.com:443 "GET /dl/cloudsdk/channels/rapid/components-2.json HTTP/1.1" 200 226997
2024-10-22 13:26:26,176 WARNING  root            Component [preview] no longer exists.
2024-10-22 13:26:26,176 WARNING  root            Component [compute] no longer exists.
2024-10-22 13:26:26,177 INFO     ___FILE_ONLY___ 

2024-10-22 13:26:26,177 INFO     ___FILE_ONLY___ 
Your current Google Cloud CLI version is: 497.0.0

2024-10-22 13:26:26,177 INFO     ___FILE_ONLY___ Installing components from version: 497.0.0

2024-10-22 13:26:26,177 INFO     ___FILE_ONLY___ 

2024-10-22 13:26:26,178 DEBUG    root            Chosen display Format:table[box,title="These components will be removed."](details.display_name:label=Name:align=left,version.version_string:label=Version:align=right,data.size.size(zero="",min=1048576):label=Size:align=right)
2024-10-22 13:26:26,178 DEBUG    root            Chosen display Format:table[box,title="These components will be updated."](details.display_name:label=Name:align=left,version.version_string:label=Version:align=right,data.size.size(zero="",min=1048576):label=Size:align=right)
2024-10-22 13:26:26,179 DEBUG    root            Chosen display Format:table[box,title="These components will be installed."](details.display_name:label=Name:align=left,version.version_string:label=Version:align=right,data.size.size(zero="",min=1048576):label=Size:align=right)
2024-10-22 13:26:26,198 INFO     ___FILE_ONLY___ ┌──────────────────────────────────────────────┐
2024-10-22 13:26:26,198 INFO     ___FILE_ONLY___ 

2024-10-22 13:26:26,198 INFO     ___FILE_ONLY___ │     These components will be installed.      │
2024-10-22 13:26:26,198 INFO     ___FILE_ONLY___ 

2024-10-22 13:26:26,198 INFO     ___FILE_ONLY___ ├───────────────────────┬────────────┬─────────┤
2024-10-22 13:26:26,198 INFO     ___FILE_ONLY___ 

2024-10-22 13:26:26,198 INFO     ___FILE_ONLY___ │          Name         │  Version   │   Size  │
2024-10-22 13:26:26,198 INFO     ___FILE_ONLY___ 

2024-10-22 13:26:26,198 INFO     ___FILE_ONLY___ ├───────────────────────┼────────────┼─────────┤
2024-10-22 13:26:26,198 INFO     ___FILE_ONLY___ 

2024-10-22 13:26:26,198 INFO     ___FILE_ONLY___ │ 
2024-10-22 13:26:26,198 INFO     ___FILE_ONLY___ gcloud Alpha Commands
2024-10-22 13:26:26,199 INFO     ___FILE_ONLY___  
2024-10-22 13:26:26,199 INFO     ___FILE_ONLY___ │ 
2024-10-22 13:26:26,199 INFO     ___FILE_ONLY___ 2024.10.11
2024-10-22 13:26:26,199 INFO     ___FILE_ONLY___  
2024-10-22 13:26:26,199 INFO     ___FILE_ONLY___ │ 
2024-10-22 13:26:26,199 INFO     ___FILE_ONLY___ < 1 MiB
2024-10-22 13:26:26,199 INFO     ___FILE_ONLY___  
2024-10-22 13:26:26,199 INFO     ___FILE_ONLY___ │
2024-10-22 13:26:26,199 INFO     ___FILE_ONLY___ 

2024-10-22 13:26:26,199 INFO     ___FILE_ONLY___ │ 
2024-10-22 13:26:26,199 INFO     ___FILE_ONLY___ gcloud Beta Commands 
2024-10-22 13:26:26,199 INFO     ___FILE_ONLY___  
2024-10-22 13:26:26,199 INFO     ___FILE_ONLY___ │ 
2024-10-22 13:26:26,199 INFO     ___FILE_ONLY___ 2024.10.11
2024-10-22 13:26:26,199 INFO     ___FILE_ONLY___  
2024-10-22 13:26:26,200 INFO     ___FILE_ONLY___ │ 
2024-10-22 13:26:26,200 INFO     ___FILE_ONLY___ < 1 MiB
2024-10-22 13:26:26,200 INFO     ___FILE_ONLY___  
2024-10-22 13:26:26,200 INFO     ___FILE_ONLY___ │
2024-10-22 13:26:26,200 INFO     ___FILE_ONLY___ 

2024-10-22 13:26:26,200 INFO     ___FILE_ONLY___ └───────────────────────┴────────────┴─────────┘
2024-10-22 13:26:26,200 INFO     ___FILE_ONLY___ 

2024-10-22 13:26:26,200 INFO     ___FILE_ONLY___ 

2024-10-22 13:26:26,203 DEBUG    urllib3.connectionpool Starting new HTTPS connection (1): dl.google.com:443
2024-10-22 13:26:26,340 DEBUG    urllib3.connectionpool https://dl.google.com:443 "GET /dl/cloudsdk/channels/rapid/RELEASE_NOTES HTTP/1.1" 200 1291948
2024-10-22 13:26:26,381 INFO     ___FILE_ONLY___ For the latest full release notes, please visit:
  https://cloud.google.com/sdk/release_notes


2024-10-22 13:26:26,381 INFO     ___FILE_ONLY___ Performing in place update...


2024-10-22 13:26:26,384 INFO     ___FILE_ONLY___ ╔════════════════════════════════════════════════════════════╗

2024-10-22 13:26:26,384 INFO     ___FILE_ONLY___ ╠═ Downloading: gcloud Alpha Commands                       ═╣

2024-10-22 13:26:26,384 INFO     ___FILE_ONLY___ ╚
2024-10-22 13:26:26,387 DEBUG    urllib3.connectionpool Starting new HTTPS connection (1): dl.google.com:443
2024-10-22 13:26:26,534 DEBUG    urllib3.connectionpool https://dl.google.com:443 "GET /dl/cloudsdk/channels/rapid/components/google-cloud-sdk-alpha-20241011151610.tar.gz HTTP/1.1" 200 800
2024-10-22 13:26:26,537 INFO     ___FILE_ONLY___ ════════════════════════════════════════════════════════════
2024-10-22 13:26:26,538 INFO     ___FILE_ONLY___ ╝

2024-10-22 13:26:26,540 INFO     ___FILE_ONLY___ ╔════════════════════════════════════════════════════════════╗

2024-10-22 13:26:26,540 INFO     ___FILE_ONLY___ ╠═ Downloading: gcloud Beta Commands                        ═╣

2024-10-22 13:26:26,540 INFO     ___FILE_ONLY___ ╚
2024-10-22 13:26:26,543 DEBUG    urllib3.connectionpool Starting new HTTPS connection (1): dl.google.com:443
2024-10-22 13:26:26,681 DEBUG    urllib3.connectionpool https://dl.google.com:443 "GET /dl/cloudsdk/channels/rapid/components/google-cloud-sdk-beta-20241011151610.tar.gz HTTP/1.1" 200 797
2024-10-22 13:26:26,682 INFO     ___FILE_ONLY___ ════════════════════════════════════════════════════════════
2024-10-22 13:26:26,682 INFO     ___FILE_ONLY___ ╝

2024-10-22 13:26:26,684 INFO     ___FILE_ONLY___ ╔════════════════════════════════════════════════════════════╗

2024-10-22 13:26:26,685 INFO     ___FILE_ONLY___ ╠═ Installing: gcloud Alpha Commands                        ═╣

2024-10-22 13:26:26,685 INFO     ___FILE_ONLY___ ╚
2024-10-22 13:26:26,686 INFO     ___FILE_ONLY___ ════════════════════════════════════════════════════════════
2024-10-22 13:26:26,686 INFO     ___FILE_ONLY___ ╝

2024-10-22 13:26:26,693 INFO     ___FILE_ONLY___ ╔════════════════════════════════════════════════════════════╗

2024-10-22 13:26:26,694 INFO     ___FILE_ONLY___ ╠═ Installing: gcloud Beta Commands                         ═╣

2024-10-22 13:26:26,694 INFO     ___FILE_ONLY___ ╚
2024-10-22 13:26:26,694 INFO     ___FILE_ONLY___ ════════════════════════════════════════════════════════════
2024-10-22 13:26:26,695 INFO     ___FILE_ONLY___ ╝

2024-10-22 13:26:26,702 DEBUG    root            Updating notification cache...
2024-10-22 13:26:26,703 INFO     ___FILE_ONLY___ 

2024-10-22 13:26:26,705 INFO     ___FILE_ONLY___ Performing post processing steps...
2024-10-22 13:26:26,705 DEBUG    root            Executing command: ['/tools/google-cloud-sdk/bin/gcloud', 'components', 'post-process']
2024-10-22 13:26:37,476 DEBUG    ___FILE_ONLY___ 
2024-10-22 13:26:37,476 DEBUG    ___FILE_ONLY___ 
2024-10-22 13:26:37,728 INFO     ___FILE_ONLY___ 
Update done!


2024-10-22 13:26:37,731 DEBUG    root            Chosen display Format:none
2024-10-22 13:26:37,731 INFO     root            Display format: "none"
